<?xml version="1.0" encoding="UTF-8"?>
<!-- Generated by org.testng.reporters.JUnitReportReporter -->
<testsuite hostname="Dell-PC" name="multipleTestcases.prac1" tests="1" failures="0" timestamp="25 Jul 2017 10:09:30 GMT" time="0.015" errors="0">
  <testcase name="rakesh" time="0.015" classname="multipleTestcases.prac1"/>
</testsuite> <!-- multipleTestcases.prac1 -->
